{"name": "test_products_group", "status": "skipped", "statusDetails": {"message": "XFAIL Wait for fix bug\n\nselenium.common.exceptions.ElementClickInterceptedException: Message: element click intercepted: Element <a href=\"https://testqastudio.me?products_group=sale\" class=\"tab-sale \">...</a> is not clickable at point (660, 737). Other element would receive the click: <div class=\"catalog-toolbar-tabs__content\">...</div>\n  (Session info: chrome=119.0.6045.160)\nStacktrace:\n\tGetHandleVerifier [0x00007FF7CF1482B2+55298]\n\t(No symbol) [0x00007FF7CF0B5E02]\n\t(No symbol) [0x00007FF7CEF705AB]\n\t(No symbol) [0x00007FF7CEFB7A77]\n\t(No symbol) [0x00007FF7CEFB5E39]\n\t(No symbol) [0x00007FF7CEFB3C08]\n\t(No symbol) [0x00007FF7CEFB2C8A]\n\t(No symbol) [0x00007FF7CEFA87BF]\n\t(No symbol) [0x00007FF7CEFD20AA]\n\t(No symbol) [0x00007FF7CEFA80CF]\n\t(No symbol) [0x00007FF7CEFD22C0]\n\t(No symbol) [0x00007FF7CEFEAAA4]\n\t(No symbol) [0x00007FF7CEFD1E83]\n\t(No symbol) [0x00007FF7CEFA670A]\n\t(No symbol) [0x00007FF7CEFA7964]\n\tGetHandleVerifier [0x00007FF7CF4C0AAB+3694587]\n\tGetHandleVerifier [0x00007FF7CF51728E+4048862]\n\tGetHandleVerifier [0x00007FF7CF50F173+4015811]\n\tGetHandleVerifier [0x00007FF7CF1E47D6+695590]\n\t(No symbol) [0x00007FF7CF0C0CE8]\n\t(No symbol) [0x00007FF7CF0BCF34]\n\t(No symbol) [0x00007FF7CF0BD062]\n\t(No symbol) [0x00007FF7CF0AD3A3]\n\tBaseThreadInitThunk [0x00007FF822E87344+20]\n\tRtlUserThreadStart [0x00007FF824E826B1+33]", "trace": "tests\\test_shop.py:48: in test_products_group\n    element.click()\n        browser    = <selenium.webdriver.chrome.webdriver.WebDriver (session=\"6359480d3c2c8ca74ada5791040d3119\")>\n        element    = <selenium.webdriver.remote.webelement.WebElement (session=\"6359480d3c2c8ca74ada5791040d3119\", element=\"7ACFB99B1C60BF72A03997FDAF287DFC_element_107\")>\n        elements   = [<selenium.webdriver.remote.webelement.WebElement (session=\"6359480d3c2c8ca74ada5791040d3119\", element=\"4E9D175BB70FCA...lement.WebElement (session=\"6359480d3c2c8ca74ada5791040d3119\", element=\"4E9D175BB70FCABB523EE926247AEF09_element_64\")>]\n        expected_menu = [('Все', '', \"[class='tab-all active']\"), ('Бестселлеры', '/?products_group=best_sellers', \"[class='tab-best_sellers '... '/?products_group=new', \"[class='tab-new ']\"), ('Распродажа товаров', '/?products_group=sale', \"[class='tab-sale ']\")]\n        item       = ('Распродажа товаров', '/?products_group=sale', \"[class='tab-sale ']\")\n        menu_element = \"[class='catalog-toolbar-tabs__content'] a\"\n..\\..\\..\\AppData\\Local\\Programs\\Python\\Python312\\Lib\\site-packages\\selenium\\webdriver\\remote\\webelement.py:93: in click\n    self._execute(Command.CLICK_ELEMENT)\n        self       = <selenium.webdriver.remote.webelement.WebElement (session=\"6359480d3c2c8ca74ada5791040d3119\", element=\"7ACFB99B1C60BF72A03997FDAF287DFC_element_107\")>\n..\\..\\..\\AppData\\Local\\Programs\\Python\\Python312\\Lib\\site-packages\\selenium\\webdriver\\remote\\webelement.py:394: in _execute\n    return self._parent.execute(command, params)\n        command    = 'clickElement'\n        params     = {'id': '7ACFB99B1C60BF72A03997FDAF287DFC_element_107'}\n        self       = <selenium.webdriver.remote.webelement.WebElement (session=\"6359480d3c2c8ca74ada5791040d3119\", element=\"7ACFB99B1C60BF72A03997FDAF287DFC_element_107\")>\n..\\..\\..\\AppData\\Local\\Programs\\Python\\Python312\\Lib\\site-packages\\selenium\\webdriver\\remote\\webdriver.py:347: in execute\n    self.error_handler.check_response(response)\n        driver_command = 'clickElement'\n        params     = {}\n        response   = {'status': 400, 'value': '{\"value\":{\"error\":\"element click intercepted\",\"message\":\"element click intercepted: Element ...07FF7CF0AD3A3]\\\\n\\\\tBaseThreadInitThunk [0x00007FF822E87344+20]\\\\n\\\\tRtlUserThreadStart [0x00007FF824E826B1+33]\\\\n\"}}'}\n        self       = <selenium.webdriver.chrome.webdriver.WebDriver (session=\"6359480d3c2c8ca74ada5791040d3119\")>\n..\\..\\..\\AppData\\Local\\Programs\\Python\\Python312\\Lib\\site-packages\\selenium\\webdriver\\remote\\errorhandler.py:229: in check_response\n    raise exception_class(message, screen, stacktrace)\nE   selenium.common.exceptions.ElementClickInterceptedException: Message: element click intercepted: Element <a href=\"https://testqastudio.me?products_group=sale\" class=\"tab-sale \">...</a> is not clickable at point (660, 737). Other element would receive the click: <div class=\"catalog-toolbar-tabs__content\">...</div>\nE     (Session info: chrome=119.0.6045.160)\nE   Stacktrace:\nE   \tGetHandleVerifier [0x00007FF7CF1482B2+55298]\nE   \t(No symbol) [0x00007FF7CF0B5E02]\nE   \t(No symbol) [0x00007FF7CEF705AB]\nE   \t(No symbol) [0x00007FF7CEFB7A77]\nE   \t(No symbol) [0x00007FF7CEFB5E39]\nE   \t(No symbol) [0x00007FF7CEFB3C08]\nE   \t(No symbol) [0x00007FF7CEFB2C8A]\nE   \t(No symbol) [0x00007FF7CEFA87BF]\nE   \t(No symbol) [0x00007FF7CEFD20AA]\nE   \t(No symbol) [0x00007FF7CEFA80CF]\nE   \t(No symbol) [0x00007FF7CEFD22C0]\nE   \t(No symbol) [0x00007FF7CEFEAAA4]\nE   \t(No symbol) [0x00007FF7CEFD1E83]\nE   \t(No symbol) [0x00007FF7CEFA670A]\nE   \t(No symbol) [0x00007FF7CEFA7964]\nE   \tGetHandleVerifier [0x00007FF7CF4C0AAB+3694587]\nE   \tGetHandleVerifier [0x00007FF7CF51728E+4048862]\nE   \tGetHandleVerifier [0x00007FF7CF50F173+4015811]\nE   \tGetHandleVerifier [0x00007FF7CF1E47D6+695590]\nE   \t(No symbol) [0x00007FF7CF0C0CE8]\nE   \t(No symbol) [0x00007FF7CF0BCF34]\nE   \t(No symbol) [0x00007FF7CF0BD062]\nE   \t(No symbol) [0x00007FF7CF0AD3A3]\nE   \tBaseThreadInitThunk [0x00007FF822E87344+20]\nE   \tRtlUserThreadStart [0x00007FF824E826B1+33]\n        e          = <selenium.webdriver.remote.errorhandler.ErrorCode object at 0x000001A54E8E7560>\n        error_code = 'ELEMENT_CLICK_INTERCEPTED'\n        error_codes = ['ELEMENT_CLICK_INTERCEPTED', 'ELEMENT_IS_NOT_SELECTABLE', 'ELEMENT_NOT_INTERACTABLE', 'ELEMENT_NOT_VISIBLE', 'IME_ENGINE_ACTIVATION_FAILED', 'IME_NOT_AVAILABLE', ...]\n        error_info = [64, 'element click intercepted']\n        exception_class = <class 'selenium.common.exceptions.ElementClickInterceptedException'>\n        json       = <module 'json' from 'C:\\\\Users\\\\vanca\\\\AppData\\\\Local\\\\Programs\\\\Python\\\\Python312\\\\Lib\\\\json\\\\__init__.py'>\n        message    = 'element click intercepted: Element <a href=\"https://testqastudio.me?products_group=sale\" class=\"tab-sale \">...</a> is...would receive the click: <div class=\"catalog-toolbar-tabs__content\">...</div>\\n  (Session info: chrome=119.0.6045.160)'\n        response   = {'status': 400, 'value': '{\"value\":{\"error\":\"element click intercepted\",\"message\":\"element click intercepted: Element ...07FF7CF0AD3A3]\\\\n\\\\tBaseThreadInitThunk [0x00007FF822E87344+20]\\\\n\\\\tRtlUserThreadStart [0x00007FF824E826B1+33]\\\\n\"}}'}\n        screen     = None\n        self       = <selenium.webdriver.remote.errorhandler.ErrorHandler object at 0x000001A54B9BBEC0>\n        st_value   = '\\tGetHandleVerifier [0x00007FF7CF1482B2+55298]\\n\\t(No symbol) [0x00007FF7CF0B5E02]\\n\\t(No symbol) [0x00007FF7CEF705AB...l) [0x00007FF7CF0AD3A3]\\n\\tBaseThreadInitThunk [0x00007FF822E87344+20]\\n\\tRtlUserThreadStart [0x00007FF824E826B1+33]\\n'\n        stacktrace = ['\\tGetHandleVerifier [0x00007FF7CF1482B2+55298]', '\\t(No symbol) [0x00007FF7CF0B5E02]', '\\t(No symbol) [0x00007FF7CEF... '\\t(No symbol) [0x00007FF7CEFB7A77]', '\\t(No symbol) [0x00007FF7CEFB5E39]', '\\t(No symbol) [0x00007FF7CEFB3C08]', ...]\n        status     = 'element click intercepted'\n        value      = {'error': 'element click intercepted', 'message': 'element click intercepted: Element <a href=\"https://testqastudio.me...) [0x00007FF7CF0AD3A3]\\n\\tBaseThreadInitThunk [0x00007FF822E87344+20]\\n\\tRtlUserThreadStart [0x00007FF824E826B1+33]\\n'}\n        value_json = '{\"value\":{\"error\":\"element click intercepted\",\"message\":\"element click intercepted: Element \\\\u003Ca href=\\\\\"https://...007FF7CF0AD3A3]\\\\n\\\\tBaseThreadInitThunk [0x00007FF822E87344+20]\\\\n\\\\tRtlUserThreadStart [0x00007FF824E826B1+33]\\\\n\"}}'"}, "description": "\n    Test case TC-2\n    ", "start": 1701483656109, "stop": 1701483663387, "uuid": "fead0745-4247-42b0-8788-e07c28dddd72", "historyId": "4fdd6adba16e950b161eae73ef4ccb14", "testCaseId": "4fdd6adba16e950b161eae73ef4ccb14", "fullName": "tests.test_shop#test_products_group", "labels": [{"name": "tag", "value": "@pytest.mark.xfail(reason='Wait for fix bug')"}, {"name": "parentSuite", "value": "tests"}, {"name": "suite", "value": "test_shop"}, {"name": "host", "value": "DESKTOP-ORNH6P3"}, {"name": "thread", "value": "11504-MainThread"}, {"name": "framework", "value": "pytest"}, {"name": "language", "value": "cpython3"}, {"name": "package", "value": "tests.test_shop"}]}